<?xml version="1.0" encoding="UTF-8"?>
<testng-results skipped="0" failed="0" ignored="0" total="1" passed="1">
  <reporter-output>
  </reporter-output>
  <suite name="Suite" duration-ms="32" started-at="2020-02-24T10:37:49Z" finished-at="2020-02-24T10:37:49Z">
    <groups>
    </groups>
    <test name="Test1" duration-ms="32" started-at="2020-02-24T10:37:49Z" finished-at="2020-02-24T10:37:49Z">
      <class name="com.jenkins.com.JenkinsDemo">
        <test-method status="PASS" signature="demo1()[pri:0, instance:com.jenkins.com.JenkinsDemo@675d3402]" name="demo1" duration-ms="9" started-at="2020-02-24T10:37:49Z" finished-at="2020-02-24T10:37:49Z">
          <reporter-output>
          </reporter-output>
        </test-method> <!-- demo1 -->
      </class> <!-- com.jenkins.com.JenkinsDemo -->
    </test> <!-- Test1 -->
  </suite> <!-- Suite -->
</testng-results>
