<?xml version="1.0" encoding="UTF-8"?>
<testng-results skipped="0" failed="0" ignored="0" total="1" passed="1">
  <reporter-output>
  </reporter-output>
  <suite name="Default suite" duration-ms="95" started-at="2020-02-24T05:40:46Z" finished-at="2020-02-24T05:40:46Z">
    <groups>
    </groups>
    <test name="Default test" duration-ms="95" started-at="2020-02-24T05:40:46Z" finished-at="2020-02-24T05:40:46Z">
      <class name="com.jenkins.com.JenkinsDemo">
        <test-method status="PASS" signature="demo1()[pri:0, instance:com.jenkins.com.JenkinsDemo@1de0a46c]" name="demo1" duration-ms="21" started-at="2020-02-24T05:40:46Z" finished-at="2020-02-24T05:40:46Z">
          <reporter-output>
          </reporter-output>
        </test-method> <!-- demo1 -->
      </class> <!-- com.jenkins.com.JenkinsDemo -->
    </test> <!-- Default test -->
  </suite> <!-- Default suite -->
</testng-results>
